  [1m[35m (17.1ms)[0m  [1m[35mCREATE DATABASE "nosyevents_development" ENCODING = 'unicode'[0m
  [1m[35m (1.2ms)[0m  [1m[35mCREATE DATABASE "nosyevents_test" ENCODING = 'unicode'[0m
  [1m[35m (0.6ms)[0m  [1m[34mSELECT pg_try_advisory_lock(8448003242917868070)[0m
  [1m[35m (1.8ms)[0m  [1m[34mSELECT "schema_migrations"."version" FROM "schema_migrations" ORDER BY "schema_migrations"."version" ASC[0m
Migrating to DeviseCreateUsers (20200701214827)
  [1m[35m (0.4ms)[0m  [1m[35mBEGIN[0m
  [1m[35m (15.6ms)[0m  [1m[35mCREATE TABLE "users" ("id" bigserial primary key, "username" character varying, "image" character varying, "email" character varying DEFAULT '' NOT NULL, "encrypted_password" character varying DEFAULT '' NOT NULL, "reset_password_token" character varying, "reset_password_sent_at" timestamp, "remember_created_at" timestamp, "confirmation_token" character varying, "confirmed_at" timestamp, "confirmation_sent_at" timestamp, "unconfirmed_email" character varying, "created_at" timestamp(6) NOT NULL, "updated_at" timestamp(6) NOT NULL)[0m
  [1m[35m (0.9ms)[0m  [1m[31mROLLBACK[0m
  [1m[35m (0.9ms)[0m  [1m[34mSELECT pg_advisory_unlock(8448003242917868070)[0m
  [1m[35m (3.3ms)[0m  [1m[34mSELECT "schema_migrations"."version" FROM "schema_migrations" ORDER BY "schema_migrations"."version" ASC[0m
  [1m[35m (1.3ms)[0m  [1m[34mSELECT "ar_internal_metadata"."value" FROM "ar_internal_metadata" WHERE "ar_internal_metadata"."key" = $1[0m  [["key", "environment"]]
  [1m[35m (0.9ms)[0m  [1m[34mSELECT "schema_migrations"."version" FROM "schema_migrations" ORDER BY "schema_migrations"."version" ASC[0m
  [1m[35m (0.9ms)[0m  [1m[34mSELECT "ar_internal_metadata"."value" FROM "ar_internal_metadata" WHERE "ar_internal_metadata"."key" = $1[0m  [["key", "environment"]]
  [1m[35m (0.9ms)[0m  [1m[34mSELECT "schema_migrations"."version" FROM "schema_migrations" ORDER BY "schema_migrations"."version" ASC[0m
  [1m[35m (0.8ms)[0m  [1m[34mSELECT "ar_internal_metadata"."value" FROM "ar_internal_metadata" WHERE "ar_internal_metadata"."key" = $1[0m  [["key", "environment"]]
  [1m[35m (336.1ms)[0m  [1m[35mDROP DATABASE IF EXISTS "nosyevents_development"[0m
  [1m[35m (341.5ms)[0m  [1m[35mDROP DATABASE IF EXISTS "nosyevents_test"[0m
  [1m[35m (1046.3ms)[0m  [1m[35mCREATE DATABASE "nosyevents_development" ENCODING = 'unicode'[0m
  [1m[35m (1146.5ms)[0m  [1m[35mCREATE DATABASE "nosyevents_test" ENCODING = 'unicode'[0m
  [1m[35m (110.4ms)[0m  [1m[35mCREATE TABLE "schema_migrations" ("version" character varying NOT NULL PRIMARY KEY)[0m
  [1m[35m (100.9ms)[0m  [1m[35mCREATE TABLE "ar_internal_metadata" ("key" character varying NOT NULL PRIMARY KEY, "value" character varying, "created_at" timestamp(6) NOT NULL, "updated_at" timestamp(6) NOT NULL)[0m
  [1m[35m (0.7ms)[0m  [1m[34mSELECT pg_try_advisory_lock(8448003242917868070)[0m
  [1m[35m (1.3ms)[0m  [1m[34mSELECT "schema_migrations"."version" FROM "schema_migrations" ORDER BY "schema_migrations"."version" ASC[0m
Migrating to DeviseCreateUsers (20200701214827)
  [1m[35m (0.3ms)[0m  [1m[35mBEGIN[0m
  [1m[35m (72.9ms)[0m  [1m[35mCREATE TABLE "users" ("id" bigserial primary key, "username" character varying, "image" character varying, "email" character varying DEFAULT '' NOT NULL, "encrypted_password" character varying DEFAULT '' NOT NULL, "reset_password_token" character varying, "reset_password_sent_at" timestamp, "remember_created_at" timestamp, "confirmation_token" character varying, "confirmed_at" timestamp, "confirmation_sent_at" timestamp, "unconfirmed_email" character varying, "created_at" timestamp(6) NOT NULL, "updated_at" timestamp(6) NOT NULL)[0m
  [1m[35m (36.1ms)[0m  [1m[35mCREATE UNIQUE INDEX  "index_users_on_email" ON "users"  ("email")[0m
  [1m[35m (37.9ms)[0m  [1m[35mCREATE UNIQUE INDEX  "index_users_on_reset_password_token" ON "users"  ("reset_password_token")[0m
  [1m[36mprimary::SchemaMigration Create (1.3ms)[0m  [1m[32mINSERT INTO "schema_migrations" ("version") VALUES ($1) RETURNING "version"[0m  [["version", "20200701214827"]]
  [1m[35m (28.5ms)[0m  [1m[35mCOMMIT[0m
Migrating to DeviseCreateAdmins (20200701214852)
  [1m[35m (1.8ms)[0m  [1m[35mBEGIN[0m
  [1m[35m (77.1ms)[0m  [1m[35mCREATE TABLE "admins" ("id" bigserial primary key, "username" character varying, "email" character varying DEFAULT '' NOT NULL, "encrypted_password" character varying DEFAULT '' NOT NULL, "reset_password_token" character varying, "reset_password_sent_at" timestamp, "remember_created_at" timestamp, "created_at" timestamp(6) NOT NULL, "updated_at" timestamp(6) NOT NULL)[0m
  [1m[35m (26.1ms)[0m  [1m[35mCREATE UNIQUE INDEX  "index_admins_on_email" ON "admins"  ("email")[0m
  [1m[35m (37.4ms)[0m  [1m[35mCREATE UNIQUE INDEX  "index_admins_on_reset_password_token" ON "admins"  ("reset_password_token")[0m
  [1m[36mprimary::SchemaMigration Create (1.0ms)[0m  [1m[32mINSERT INTO "schema_migrations" ("version") VALUES ($1) RETURNING "version"[0m  [["version", "20200701214852"]]
  [1m[35m (15.0ms)[0m  [1m[35mCOMMIT[0m
Migrating to CreateCities (20200701215136)
  [1m[35m (0.4ms)[0m  [1m[35mBEGIN[0m
  [1m[35m (79.9ms)[0m  [1m[35mCREATE TABLE "cities" ("id" bigserial primary key, "ville" character varying, "created_at" timestamp(6) NOT NULL, "updated_at" timestamp(6) NOT NULL)[0m
  [1m[36mprimary::SchemaMigration Create (0.7ms)[0m  [1m[32mINSERT INTO "schema_migrations" ("version") VALUES ($1) RETURNING "version"[0m  [["version", "20200701215136"]]
  [1m[35m (14.5ms)[0m  [1m[35mCOMMIT[0m
Migrating to CreateGenres (20200701215145)
  [1m[35m (3.2ms)[0m  [1m[35mBEGIN[0m
  [1m[35m (100.0ms)[0m  [1m[35mCREATE TABLE "genres" ("id" bigserial primary key, "list" character varying, "created_at" timestamp(6) NOT NULL, "updated_at" timestamp(6) NOT NULL)[0m
  [1m[36mprimary::SchemaMigration Create (0.7ms)[0m  [1m[32mINSERT INTO "schema_migrations" ("version") VALUES ($1) RETURNING "version"[0m  [["version", "20200701215145"]]
  [1m[35m (11.8ms)[0m  [1m[35mCOMMIT[0m
Migrating to CreatePosts (20200701215154)
  [1m[35m (0.9ms)[0m  [1m[34mSELECT pg_advisory_unlock(8448003242917868070)[0m
  [1m[35m (2.0ms)[0m  [1m[34mSELECT "schema_migrations"."version" FROM "schema_migrations" ORDER BY "schema_migrations"."version" ASC[0m
  [1m[35m (0.8ms)[0m  [1m[34mSELECT "ar_internal_metadata"."value" FROM "ar_internal_metadata" WHERE "ar_internal_metadata"."key" = $1[0m  [["key", "environment"]]
  [1m[36mActiveRecord::InternalMetadata Load (1.2ms)[0m  [1m[34mSELECT "ar_internal_metadata".* FROM "ar_internal_metadata" WHERE "ar_internal_metadata"."key" = $1 LIMIT $2[0m  [["key", "environment"], ["LIMIT", 1]]
  [1m[35m (0.3ms)[0m  [1m[35mBEGIN[0m
  [1m[36mActiveRecord::InternalMetadata Create (1.4ms)[0m  [1m[32mINSERT INTO "ar_internal_metadata" ("key", "value", "created_at", "updated_at") VALUES ($1, $2, $3, $4) RETURNING "key"[0m  [["key", "environment"], ["value", "development"], ["created_at", "2020-07-01 22:11:16.180817"], ["updated_at", "2020-07-01 22:11:16.180817"]]
  [1m[35m (14.1ms)[0m  [1m[35mCOMMIT[0m
  [1m[35m (3.0ms)[0m  [1m[34mSELECT "schema_migrations"."version" FROM "schema_migrations" ORDER BY "schema_migrations"."version" ASC[0m
  [1m[35m (1.0ms)[0m  [1m[34mSELECT "ar_internal_metadata"."value" FROM "ar_internal_metadata" WHERE "ar_internal_metadata"."key" = $1[0m  [["key", "environment"]]
  [1m[35m (0.7ms)[0m  [1m[34mSELECT "schema_migrations"."version" FROM "schema_migrations" ORDER BY "schema_migrations"."version" ASC[0m
  [1m[35m (0.8ms)[0m  [1m[34mSELECT "ar_internal_metadata"."value" FROM "ar_internal_metadata" WHERE "ar_internal_metadata"."key" = $1[0m  [["key", "environment"]]
  [1m[35m (0.9ms)[0m  [1m[34mSELECT "schema_migrations"."version" FROM "schema_migrations" ORDER BY "schema_migrations"."version" ASC[0m
  [1m[35m (0.8ms)[0m  [1m[34mSELECT "ar_internal_metadata"."value" FROM "ar_internal_metadata" WHERE "ar_internal_metadata"."key" = $1[0m  [["key", "environment"]]
  [1m[35m (337.7ms)[0m  [1m[35mDROP DATABASE IF EXISTS "nosyevents_development"[0m
  [1m[35m (330.9ms)[0m  [1m[35mDROP DATABASE IF EXISTS "nosyevents_test"[0m
  [1m[35m (1064.8ms)[0m  [1m[35mCREATE DATABASE "nosyevents_development" ENCODING = 'unicode'[0m
  [1m[35m (1122.3ms)[0m  [1m[35mCREATE DATABASE "nosyevents_test" ENCODING = 'unicode'[0m
  [1m[35m (106.6ms)[0m  [1m[35mCREATE TABLE "schema_migrations" ("version" character varying NOT NULL PRIMARY KEY)[0m
  [1m[35m (110.7ms)[0m  [1m[35mCREATE TABLE "ar_internal_metadata" ("key" character varying NOT NULL PRIMARY KEY, "value" character varying, "created_at" timestamp(6) NOT NULL, "updated_at" timestamp(6) NOT NULL)[0m
  [1m[35m (0.5ms)[0m  [1m[34mSELECT pg_try_advisory_lock(8448003242917868070)[0m
  [1m[35m (1.3ms)[0m  [1m[34mSELECT "schema_migrations"."version" FROM "schema_migrations" ORDER BY "schema_migrations"."version" ASC[0m
Migrating to DeviseCreateUsers (20200701214827)
  [1m[35m (0.3ms)[0m  [1m[35mBEGIN[0m
  [1m[35m (130.5ms)[0m  [1m[35mCREATE TABLE "users" ("id" bigserial primary key, "username" character varying, "image" character varying, "email" character varying DEFAULT '' NOT NULL, "encrypted_password" character varying DEFAULT '' NOT NULL, "reset_password_token" character varying, "reset_password_sent_at" timestamp, "remember_created_at" timestamp, "confirmation_token" character varying, "confirmed_at" timestamp, "confirmation_sent_at" timestamp, "unconfirmed_email" character varying, "created_at" timestamp(6) NOT NULL, "updated_at" timestamp(6) NOT NULL)[0m
  [1m[35m (43.3ms)[0m  [1m[35mCREATE UNIQUE INDEX  "index_users_on_email" ON "users"  ("email")[0m
  [1m[35m (44.6ms)[0m  [1m[35mCREATE UNIQUE INDEX  "index_users_on_reset_password_token" ON "users"  ("reset_password_token")[0m
  [1m[36mprimary::SchemaMigration Create (1.0ms)[0m  [1m[32mINSERT INTO "schema_migrations" ("version") VALUES ($1) RETURNING "version"[0m  [["version", "20200701214827"]]
  [1m[35m (21.2ms)[0m  [1m[35mCOMMIT[0m
Migrating to DeviseCreateAdmins (20200701214852)
  [1m[35m (0.4ms)[0m  [1m[35mBEGIN[0m
  [1m[35m (111.0ms)[0m  [1m[35mCREATE TABLE "admins" ("id" bigserial primary key, "username" character varying, "email" character varying DEFAULT '' NOT NULL, "encrypted_password" character varying DEFAULT '' NOT NULL, "reset_password_token" character varying, "reset_password_sent_at" timestamp, "remember_created_at" timestamp, "created_at" timestamp(6) NOT NULL, "updated_at" timestamp(6) NOT NULL)[0m
  [1m[35m (37.6ms)[0m  [1m[35mCREATE UNIQUE INDEX  "index_admins_on_email" ON "admins"  ("email")[0m
  [1m[35m (37.8ms)[0m  [1m[35mCREATE UNIQUE INDEX  "index_admins_on_reset_password_token" ON "admins"  ("reset_password_token")[0m
  [1m[36mprimary::SchemaMigration Create (1.6ms)[0m  [1m[32mINSERT INTO "schema_migrations" ("version") VALUES ($1) RETURNING "version"[0m  [["version", "20200701214852"]]
  [1m[35m (15.7ms)[0m  [1m[35mCOMMIT[0m
Migrating to CreateCities (20200701215136)
  [1m[35m (0.6ms)[0m  [1m[35mBEGIN[0m
  [1m[35m (89.9ms)[0m  [1m[35mCREATE TABLE "cities" ("id" bigserial primary key, "ville" character varying, "created_at" timestamp(6) NOT NULL, "updated_at" timestamp(6) NOT NULL)[0m
  [1m[36mprimary::SchemaMigration Create (0.8ms)[0m  [1m[32mINSERT INTO "schema_migrations" ("version") VALUES ($1) RETURNING "version"[0m  [["version", "20200701215136"]]
  [1m[35m (9.6ms)[0m  [1m[35mCOMMIT[0m
Migrating to CreateGenres (20200701215145)
  [1m[35m (0.4ms)[0m  [1m[35mBEGIN[0m
  [1m[35m (73.5ms)[0m  [1m[35mCREATE TABLE "genres" ("id" bigserial primary key, "list" character varying, "created_at" timestamp(6) NOT NULL, "updated_at" timestamp(6) NOT NULL)[0m
  [1m[36mprimary::SchemaMigration Create (0.6ms)[0m  [1m[32mINSERT INTO "schema_migrations" ("version") VALUES ($1) RETURNING "version"[0m  [["version", "20200701215145"]]
  [1m[35m (19.6ms)[0m  [1m[35mCOMMIT[0m
Migrating to CreatePosts (20200701215154)
  [1m[35m (0.5ms)[0m  [1m[35mBEGIN[0m
  [1m[35m (91.2ms)[0m  [1m[35mCREATE TABLE "posts" ("id" bigserial primary key, "title" character varying, "address" character varying, "date_limite" timestamp, "hour" character varying, "description" text, "price" character varying, "payer" boolean DEFAULT FALSE, "image" character varying, "user_id" bigint, "city_id" bigint, "created_at" timestamp(6) NOT NULL, "updated_at" timestamp(6) NOT NULL)[0m
  [1m[35m (50.4ms)[0m  [1m[35mCREATE  INDEX  "index_posts_on_user_id" ON "posts"  ("user_id")[0m
  [1m[35m (27.2ms)[0m  [1m[35mCREATE  INDEX  "index_posts_on_city_id" ON "posts"  ("city_id")[0m
  [1m[36mprimary::SchemaMigration Create (0.6ms)[0m  [1m[32mINSERT INTO "schema_migrations" ("version") VALUES ($1) RETURNING "version"[0m  [["version", "20200701215154"]]
  [1m[35m (9.0ms)[0m  [1m[35mCOMMIT[0m
Migrating to GenresPosts (20200701215222)
  [1m[35m (0.4ms)[0m  [1m[35mBEGIN[0m
  [1m[35m (1.6ms)[0m  [1m[35mCREATE TABLE "genres_posts" ("genre_id" bigint, "post_id" bigint)[0m
  [1m[35m (65.9ms)[0m  [1m[35mCREATE  INDEX  "index_genres_posts_on_genre_id" ON "genres_posts"  ("genre_id")[0m
  [1m[35m (43.1ms)[0m  [1m[35mCREATE  INDEX  "index_genres_posts_on_post_id" ON "genres_posts"  ("post_id")[0m
  [1m[36mprimary::SchemaMigration Create (0.8ms)[0m  [1m[32mINSERT INTO "schema_migrations" ("version") VALUES ($1) RETURNING "version"[0m  [["version", "20200701215222"]]
  [1m[35m (15.1ms)[0m  [1m[35mCOMMIT[0m
  [1m[36mActiveRecord::InternalMetadata Load (0.9ms)[0m  [1m[34mSELECT "ar_internal_metadata".* FROM "ar_internal_metadata" WHERE "ar_internal_metadata"."key" = $1 LIMIT $2[0m  [["key", "environment"], ["LIMIT", 1]]
  [1m[35m (0.3ms)[0m  [1m[35mBEGIN[0m
  [1m[36mActiveRecord::InternalMetadata Create (1.0ms)[0m  [1m[32mINSERT INTO "ar_internal_metadata" ("key", "value", "created_at", "updated_at") VALUES ($1, $2, $3, $4) RETURNING "key"[0m  [["key", "environment"], ["value", "development"], ["created_at", "2020-07-01 22:12:16.873929"], ["updated_at", "2020-07-01 22:12:16.873929"]]
  [1m[35m (11.2ms)[0m  [1m[35mCOMMIT[0m
  [1m[35m (0.9ms)[0m  [1m[34mSELECT pg_advisory_unlock(8448003242917868070)[0m
  [1m[35m (1.8ms)[0m  [1m[34mSELECT "schema_migrations"."version" FROM "schema_migrations" ORDER BY "schema_migrations"."version" ASC[0m
  [1m[35m (3.6ms)[0m  [1m[34mSELECT "schema_migrations"."version" FROM "schema_migrations" ORDER BY "schema_migrations"."version" ASC[0m
  [1m[35m (0.4ms)[0m  [1m[35mBEGIN[0m
  [1m[36mCity Create (1.8ms)[0m  [1m[32mINSERT INTO "cities" ("ville", "created_at", "updated_at") VALUES ($1, $2, $3) RETURNING "id"[0m  [["ville", "ANTSIRANANA"], ["created_at", "2020-07-01 22:12:38.825197"], ["updated_at", "2020-07-01 22:12:38.825197"]]
  [1m[35m (12.9ms)[0m  [1m[35mCOMMIT[0m
  [1m[35m (0.6ms)[0m  [1m[35mBEGIN[0m
  [1m[36mCity Create (0.8ms)[0m  [1m[32mINSERT INTO "cities" ("ville", "created_at", "updated_at") VALUES ($1, $2, $3) RETURNING "id"[0m  [["ville", "MAHAJANGA"], ["created_at", "2020-07-01 22:12:38.854619"], ["updated_at", "2020-07-01 22:12:38.854619"]]
  [1m[35m (4.0ms)[0m  [1m[35mCOMMIT[0m
  [1m[35m (0.5ms)[0m  [1m[35mBEGIN[0m
  [1m[36mCity Create (0.9ms)[0m  [1m[32mINSERT INTO "cities" ("ville", "created_at", "updated_at") VALUES ($1, $2, $3) RETURNING "id"[0m  [["ville", "TOAMASINA"], ["created_at", "2020-07-01 22:12:38.875048"], ["updated_at", "2020-07-01 22:12:38.875048"]]
  [1m[35m (8.4ms)[0m  [1m[35mCOMMIT[0m
  [1m[35m (0.6ms)[0m  [1m[35mBEGIN[0m
  [1m[36mCity Create (0.9ms)[0m  [1m[32mINSERT INTO "cities" ("ville", "created_at", "updated_at") VALUES ($1, $2, $3) RETURNING "id"[0m  [["ville", "ANTANANARIVO"], ["created_at", "2020-07-01 22:12:38.897210"], ["updated_at", "2020-07-01 22:12:38.897210"]]
  [1m[35m (3.1ms)[0m  [1m[35mCOMMIT[0m
  [1m[35m (0.3ms)[0m  [1m[35mBEGIN[0m
  [1m[36mCity Create (0.7ms)[0m  [1m[32mINSERT INTO "cities" ("ville", "created_at", "updated_at") VALUES ($1, $2, $3) RETURNING "id"[0m  [["ville", "FIANARANTSOA"], ["created_at", "2020-07-01 22:12:38.919520"], ["updated_at", "2020-07-01 22:12:38.919520"]]
  [1m[35m (9.4ms)[0m  [1m[35mCOMMIT[0m
  [1m[35m (0.3ms)[0m  [1m[35mBEGIN[0m
  [1m[36mCity Create (0.7ms)[0m  [1m[32mINSERT INTO "cities" ("ville", "created_at", "updated_at") VALUES ($1, $2, $3) RETURNING "id"[0m  [["ville", "TOLIARA"], ["created_at", "2020-07-01 22:12:38.942020"], ["updated_at", "2020-07-01 22:12:38.942020"]]
  [1m[35m (9.2ms)[0m  [1m[35mCOMMIT[0m
  [1m[35m (0.3ms)[0m  [1m[35mBEGIN[0m
  [1m[36mGenre Create (1.2ms)[0m  [1m[32mINSERT INTO "genres" ("list", "created_at", "updated_at") VALUES ($1, $2, $3) RETURNING "id"[0m  [["list", "sport"], ["created_at", "2020-07-01 22:12:39.030599"], ["updated_at", "2020-07-01 22:12:39.030599"]]
  [1m[35m (8.3ms)[0m  [1m[35mCOMMIT[0m
  [1m[35m (0.3ms)[0m  [1m[35mBEGIN[0m
  [1m[36mGenre Create (0.7ms)[0m  [1m[32mINSERT INTO "genres" ("list", "created_at", "updated_at") VALUES ($1, $2, $3) RETURNING "id"[0m  [["list", "spectacle"], ["created_at", "2020-07-01 22:12:39.052975"], ["updated_at", "2020-07-01 22:12:39.052975"]]
  [1m[35m (9.5ms)[0m  [1m[35mCOMMIT[0m
  [1m[35m (0.3ms)[0m  [1m[35mBEGIN[0m
  [1m[36mGenre Create (0.7ms)[0m  [1m[32mINSERT INTO "genres" ("list", "created_at", "updated_at") VALUES ($1, $2, $3) RETURNING "id"[0m  [["list", "cabaret"], ["created_at", "2020-07-01 22:12:39.075338"], ["updated_at", "2020-07-01 22:12:39.075338"]]
  [1m[35m (8.8ms)[0m  [1m[35mCOMMIT[0m
  [1m[35m (0.4ms)[0m  [1m[35mBEGIN[0m
  [1m[36mGenre Create (0.9ms)[0m  [1m[32mINSERT INTO "genres" ("list", "created_at", "updated_at") VALUES ($1, $2, $3) RETURNING "id"[0m  [["list", "soiree"], ["created_at", "2020-07-01 22:12:39.098217"], ["updated_at", "2020-07-01 22:12:39.098217"]]
  [1m[35m (7.2ms)[0m  [1m[35mCOMMIT[0m
  [1m[35m (0.4ms)[0m  [1m[35mBEGIN[0m
  [1m[36mGenre Create (0.9ms)[0m  [1m[32mINSERT INTO "genres" ("list", "created_at", "updated_at") VALUES ($1, $2, $3) RETURNING "id"[0m  [["list", "balle"], ["created_at", "2020-07-01 22:12:39.119740"], ["updated_at", "2020-07-01 22:12:39.119740"]]
  [1m[35m (7.5ms)[0m  [1m[35mCOMMIT[0m
  [1m[35m (0.4ms)[0m  [1m[35mBEGIN[0m
  [1m[36mGenre Create (0.8ms)[0m  [1m[32mINSERT INTO "genres" ("list", "created_at", "updated_at") VALUES ($1, $2, $3) RETURNING "id"[0m  [["list", "scolaire"], ["created_at", "2020-07-01 22:12:39.141881"], ["updated_at", "2020-07-01 22:12:39.141881"]]
  [1m[35m (6.7ms)[0m  [1m[35mCOMMIT[0m
  [1m[35m (0.6ms)[0m  [1m[35mBEGIN[0m
  [1m[36mGenre Create (1.0ms)[0m  [1m[32mINSERT INTO "genres" ("list", "created_at", "updated_at") VALUES ($1, $2, $3) RETURNING "id"[0m  [["list", "festival"], ["created_at", "2020-07-01 22:12:39.164101"], ["updated_at", "2020-07-01 22:12:39.164101"]]
  [1m[35m (6.3ms)[0m  [1m[35mCOMMIT[0m
  [1m[35m (0.3ms)[0m  [1m[35mBEGIN[0m
  [1m[36mGenre Create (0.7ms)[0m  [1m[32mINSERT INTO "genres" ("list", "created_at", "updated_at") VALUES ($1, $2, $3) RETURNING "id"[0m  [["list", "foire"], ["created_at", "2020-07-01 22:12:39.186136"], ["updated_at", "2020-07-01 22:12:39.186136"]]
  [1m[35m (9.5ms)[0m  [1m[35mCOMMIT[0m
  [1m[35m (0.3ms)[0m  [1m[35mBEGIN[0m
  [1m[36mGenre Create (0.7ms)[0m  [1m[32mINSERT INTO "genres" ("list", "created_at", "updated_at") VALUES ($1, $2, $3) RETURNING "id"[0m  [["list", "salon"], ["created_at", "2020-07-01 22:12:39.208619"], ["updated_at", "2020-07-01 22:12:39.208619"]]
  [1m[35m (9.4ms)[0m  [1m[35mCOMMIT[0m
  [1m[35m (0.3ms)[0m  [1m[35mBEGIN[0m
  [1m[36mGenre Create (0.7ms)[0m  [1m[32mINSERT INTO "genres" ("list", "created_at", "updated_at") VALUES ($1, $2, $3) RETURNING "id"[0m  [["list", "teatre"], ["created_at", "2020-07-01 22:12:39.230924"], ["updated_at", "2020-07-01 22:12:39.230924"]]
  [1m[35m (8.6ms)[0m  [1m[35mCOMMIT[0m
  [1m[35m (0.3ms)[0m  [1m[35mBEGIN[0m
  [1m[36mGenre Create (0.7ms)[0m  [1m[32mINSERT INTO "genres" ("list", "created_at", "updated_at") VALUES ($1, $2, $3) RETURNING "id"[0m  [["list", "evangelique"], ["created_at", "2020-07-01 22:12:39.266181"], ["updated_at", "2020-07-01 22:12:39.266181"]]
  [1m[35m (7.6ms)[0m  [1m[35mCOMMIT[0m
Started GET "/" for ::1 at 2020-07-02 01:19:49 +0300
  [1m[35m (2.0ms)[0m  [1m[34mSELECT "schema_migrations"."version" FROM "schema_migrations" ORDER BY "schema_migrations"."version" ASC[0m
Processing by HomeController#index as HTML
  Rendering home/index.html.erb within layouts/application
  Rendered home/index.html.erb within layouts/application (Duration: 3.5ms | Allocations: 351)
[Webpacker] Compiling...
Started GET "/" for ::1 at 2020-07-02 01:19:54 +0300
Processing by HomeController#index as HTML
  Rendering home/index.html.erb within layouts/application
  Rendered home/index.html.erb within layouts/application (Duration: 0.1ms | Allocations: 5)
[Webpacker] Compiling...
Started GET "/" for ::1 at 2020-07-02 01:19:55 +0300
Processing by HomeController#index as HTML
  Rendering home/index.html.erb within layouts/application
  Rendered home/index.html.erb within layouts/application (Duration: 0.1ms | Allocations: 5)
[Webpacker] Compiling...
Started GET "/" for ::1 at 2020-07-02 01:19:59 +0300
Processing by HomeController#index as HTML
  Rendering home/index.html.erb within layouts/application
  Rendered home/index.html.erb within layouts/application (Duration: 0.1ms | Allocations: 5)
[Webpacker] Compiling...
Started GET "/" for ::1 at 2020-07-02 01:20:10 +0300
Processing by HomeController#index as HTML
  Rendering home/index.html.erb within layouts/application
  Rendered home/index.html.erb within layouts/application (Duration: 0.1ms | Allocations: 5)
[Webpacker] Compiling...
[Webpacker] Compiled all packs in /home/franklin/Documents/nosyevents/public/packs
[Webpacker] Hash: 15d1bb7b54cf6326b9ba
Version: webpack 4.43.0
Time: 31055ms
Built at: 2020-07-02 1:20:25
                                     Asset       Size       Chunks                         Chunk Names
    js/application-9afcbb5693aa87623e69.js    124 KiB  application  [emitted] [immutable]  application
js/application-9afcbb5693aa87623e69.js.map    139 KiB  application  [emitted] [dev]        application
                             manifest.json  364 bytes               [emitted]              
Entrypoint application = js/application-9afcbb5693aa87623e69.js js/application-9afcbb5693aa87623e69.js.map
[./app/javascript/channels sync recursive _channel\.js$] ./app/javascript/channels sync _channel\.js$ 160 bytes {application} [built]
[./app/javascript/channels/index.js] 211 bytes {application} [built]
[./app/javascript/packs/application.js] 749 bytes {application} [built]
[./node_modules/webpack/buildin/module.js] (webpack)/buildin/module.js 552 bytes {application} [built]
    + 3 hidden modules

Completed 200 OK in 36895ms (Views: 36870.3ms | ActiveRecord: 0.0ms | Allocations: 47313)


[Webpacker] Compiled all packs in /home/franklin/Documents/nosyevents/public/packs
[Webpacker] Hash: 15d1bb7b54cf6326b9ba
Version: webpack 4.43.0
Time: 16222ms
Built at: 2020-07-02 1:20:28
                                     Asset       Size       Chunks                         Chunk Names
    js/application-9afcbb5693aa87623e69.js    124 KiB  application  [emitted] [immutable]  application
js/application-9afcbb5693aa87623e69.js.map    139 KiB  application  [emitted] [dev]        application
                             manifest.json  364 bytes               [emitted]              
Entrypoint application = js/application-9afcbb5693aa87623e69.js js/application-9afcbb5693aa87623e69.js.map
[./app/javascript/channels sync recursive _channel\.js$] ./app/javascript/channels sync _channel\.js$ 160 bytes {application} [built]
[./app/javascript/channels/index.js] 211 bytes {application} [built]
[./app/javascript/packs/application.js] 749 bytes {application} [built]
[./node_modules/webpack/buildin/module.js] (webpack)/buildin/module.js 552 bytes {application} [built]
    + 3 hidden modules

Completed 200 OK in 32686ms (Views: 32685.0ms | ActiveRecord: 0.0ms | Allocations: 24804)


[Webpacker] Compiled all packs in /home/franklin/Documents/nosyevents/public/packs
[Webpacker] Hash: 15d1bb7b54cf6326b9ba
Version: webpack 4.43.0
Time: 14803ms
Built at: 2020-07-02 1:20:32
                                     Asset       Size       Chunks                         Chunk Names
    js/application-9afcbb5693aa87623e69.js    124 KiB  application  [emitted] [immutable]  application
js/application-9afcbb5693aa87623e69.js.map    139 KiB  application  [emitted] [dev]        application
                             manifest.json  364 bytes               [emitted]              
Entrypoint application = js/application-9afcbb5693aa87623e69.js js/application-9afcbb5693aa87623e69.js.map
[./app/javascript/channels sync recursive _channel\.js$] ./app/javascript/channels sync _channel\.js$ 160 bytes {application} [built]
[./app/javascript/channels/index.js] 211 bytes {application} [built]
[./app/javascript/packs/application.js] 749 bytes {application} [built]
[./node_modules/webpack/buildin/module.js] (webpack)/buildin/module.js 552 bytes {application} [built]
    + 3 hidden modules

Completed 200 OK in 32985ms (Views: 32982.2ms | ActiveRecord: 0.0ms | Allocations: 20385)


[Webpacker] Compiled all packs in /home/franklin/Documents/nosyevents/public/packs
[Webpacker] Hash: 15d1bb7b54cf6326b9ba
Version: webpack 4.43.0
Time: 26946ms
Built at: 2020-07-02 1:20:35
                                     Asset       Size       Chunks                         Chunk Names
    js/application-9afcbb5693aa87623e69.js    124 KiB  application  [emitted] [immutable]  application
js/application-9afcbb5693aa87623e69.js.map    139 KiB  application  [emitted] [dev]        application
                             manifest.json  364 bytes               [emitted]              
Entrypoint application = js/application-9afcbb5693aa87623e69.js js/application-9afcbb5693aa87623e69.js.map
[./app/javascript/channels sync recursive _channel\.js$] ./app/javascript/channels sync _channel\.js$ 160 bytes {application} [built]
[./app/javascript/channels/index.js] 211 bytes {application} [built]
[./app/javascript/packs/application.js] 749 bytes {application} [built]
[./node_modules/webpack/buildin/module.js] (webpack)/buildin/module.js 552 bytes {application} [built]
    + 3 hidden modules

Completed 200 OK in 41148ms (Views: 41146.0ms | ActiveRecord: 0.0ms | Allocations: 35374)


[Webpacker] Compiled all packs in /home/franklin/Documents/nosyevents/public/packs
[Webpacker] Hash: 15d1bb7b54cf6326b9ba
Version: webpack 4.43.0
Time: 5110ms
Built at: 2020-07-02 1:20:38
                                     Asset       Size       Chunks                         Chunk Names
    js/application-9afcbb5693aa87623e69.js    124 KiB  application  [emitted] [immutable]  application
js/application-9afcbb5693aa87623e69.js.map    139 KiB  application  [emitted] [dev]        application
                             manifest.json  364 bytes               [emitted]              
Entrypoint application = js/application-9afcbb5693aa87623e69.js js/application-9afcbb5693aa87623e69.js.map
[./app/javascript/channels sync recursive _channel\.js$] ./app/javascript/channels sync _channel\.js$ 160 bytes {application} [built]
[./app/javascript/channels/index.js] 211 bytes {application} [built]
[./app/javascript/packs/application.js] 749 bytes {application} [built]
[./node_modules/webpack/buildin/module.js] (webpack)/buildin/module.js 552 bytes {application} [built]
    + 3 hidden modules

Completed 200 OK in 27709ms (Views: 27707.1ms | ActiveRecord: 0.0ms | Allocations: 17990)


Started GET "/" for ::1 at 2020-07-02 01:23:34 +0300
  [1m[35m (2.5ms)[0m  [1m[34mSELECT "schema_migrations"."version" FROM "schema_migrations" ORDER BY "schema_migrations"."version" ASC[0m
Processing by HomeController#index as HTML
  Rendering home/index.html.erb within layouts/application
  Rendered home/index.html.erb within layouts/application (Duration: 9.7ms | Allocations: 666)
[Webpacker] Everything's up-to-date. Nothing to do
Completed 200 OK in 331ms (Views: 305.9ms | ActiveRecord: 0.0ms | Allocations: 22277)


Started GET "/users/sign_in" for ::1 at 2020-07-02 01:23:37 +0300
Processing by Devise::SessionsController#new as HTML
  Rendering users/sessions/new.html.erb within layouts/application
  Rendered users/shared/_links.html.erb (Duration: 14.3ms | Allocations: 751)
  Rendered users/sessions/new.html.erb within layouts/application (Duration: 8240.5ms | Allocations: 882656)
[Webpacker] Everything's up-to-date. Nothing to do
Completed 200 OK in 8366ms (Views: 8276.4ms | ActiveRecord: 14.6ms | Allocations: 899091)


Started GET "/users/sign_up" for ::1 at 2020-07-02 01:24:06 +0300
Processing by Devise::RegistrationsController#new as HTML
  Rendering users/registrations/new.html.erb within layouts/application
  Rendered users/shared/_error_messages.html.erb (Duration: 1.8ms | Allocations: 221)
  Rendered users/shared/_links.html.erb (Duration: 1.8ms | Allocations: 177)
  Rendered users/registrations/new.html.erb within layouts/application (Duration: 63.3ms | Allocations: 2733)
[Webpacker] Everything's up-to-date. Nothing to do
Completed 200 OK in 90ms (Views: 86.1ms | ActiveRecord: 0.0ms | Allocations: 7479)


Started POST "/users" for ::1 at 2020-07-02 01:24:32 +0300
Processing by Devise::RegistrationsController#create as HTML
  Parameters: {"authenticity_token"=>"Q2j/MLkmWoXYbkjTAlyGQJfhGuYfiaHivA/ETnvAgAiPyNquTAeMbX0GImbVXouOWr2N9WnTsg1IaNfEhGjT9A==", "user"=>{"username"=>"franklin", "email"=>"fr@gmail.com", "password"=>"[FILTERED]", "password_confirmation"=>"[FILTERED]", "image"=>#<ActionDispatch::Http::UploadedFile:0x00007f4119235aa8 @tempfile=#<Tempfile:/tmp/RackMultipart20200702-22536-1j5lyip.jpg>, @original_filename="Armel.jpg", @content_type="image/jpeg", @headers="Content-Disposition: form-data; name=\"user[image]\"; filename=\"Armel.jpg\"\r\nContent-Type: image/jpeg\r\n">}, "commit"=>"Sign up"}
  [1m[35m (0.3ms)[0m  [1m[35mBEGIN[0m
  [1m[36mUser Exists? (3.9ms)[0m  [1m[34mSELECT 1 AS one FROM "users" WHERE "users"."email" = $1 LIMIT $2[0m  [["email", "fr@gmail.com"], ["LIMIT", 1]]
  [1m[36mUser Create (2.2ms)[0m  [1m[32mINSERT INTO "users" ("username", "image", "email", "encrypted_password", "confirmation_token", "confirmation_sent_at", "created_at", "updated_at") VALUES ($1, $2, $3, $4, $5, $6, $7, $8) RETURNING "id"[0m  [["username", "franklin"], ["image", "image.jpg"], ["email", "fr@gmail.com"], ["encrypted_password", "$2a$12$POzyXp.l76vWt.YzsilXN.MjjSwQKuFIogfCXMb7Tp6k2i4/uG22a"], ["confirmation_token", "3qi7JxLcCG5zQ64iomP6"], ["confirmation_sent_at", "2020-07-01 22:24:33.417961"], ["created_at", "2020-07-01 22:24:33.416903"], ["updated_at", "2020-07-01 22:24:33.416903"]]
  [1m[35m (14.5ms)[0m  [1m[35mCOMMIT[0m
  Rendering users/mailer/confirmation_instructions.html.erb
  Rendered users/mailer/confirmation_instructions.html.erb (Duration: 2.1ms | Allocations: 261)
Devise::Mailer#confirmation_instructions: processed outbound mail in 23.2ms
Delivered mail 5efd0d21bbff9_58082abc0960a910530e8@Mr-Hyriol.mail (397.3ms)
Date: Thu, 02 Jul 2020 01:24:33 +0300
From: please-change-me-at-config-initializers-devise@example.com
Reply-To: please-change-me-at-config-initializers-devise@example.com
To: fr@gmail.com
Message-ID: <5efd0d21bbff9_58082abc0960a910530e8@Mr-Hyriol.mail>
Subject: Confirmation instructions
Mime-Version: 1.0
Content-Type: text/html;
 charset=UTF-8
Content-Transfer-Encoding: 7bit

<p>Welcome fr@gmail.com!</p>

<p>You can confirm your account email through the link below:</p>

<p><a href="http://localhost:3000/users/confirmation?confirmation_token=3qi7JxLcCG5zQ64iomP6">Confirm my account</a></p>

Redirected to http://localhost:3000/
Completed 302 Found in 1221ms (ActiveRecord: 20.9ms | Allocations: 43048)


Started GET "/" for ::1 at 2020-07-02 01:24:34 +0300
Processing by HomeController#index as HTML
  Rendering home/index.html.erb within layouts/application
  Rendered home/index.html.erb within layouts/application (Duration: 2.0ms | Allocations: 179)
[Webpacker] Everything's up-to-date. Nothing to do
Completed 200 OK in 26ms (Views: 23.8ms | ActiveRecord: 0.0ms | Allocations: 3991)


Started GET "/users/confirmation?confirmation_token=3qi7JxLcCG5zQ64iomP6" for ::1 at 2020-07-02 01:24:57 +0300
Processing by Devise::ConfirmationsController#show as HTML
  Parameters: {"confirmation_token"=>"3qi7JxLcCG5zQ64iomP6"}
  [1m[36mUser Load (1.3ms)[0m  [1m[34mSELECT "users".* FROM "users" WHERE "users"."confirmation_token" = $1 ORDER BY "users"."id" ASC LIMIT $2[0m  [["confirmation_token", "3qi7JxLcCG5zQ64iomP6"], ["LIMIT", 1]]
  [1m[35m (0.4ms)[0m  [1m[35mBEGIN[0m
  [1m[36mUser Update (3.7ms)[0m  [1m[33mUPDATE "users" SET "confirmed_at" = $1, "updated_at" = $2 WHERE "users"."id" = $3[0m  [["confirmed_at", "2020-07-01 22:24:57.499865"], ["updated_at", "2020-07-01 22:24:57.503082"], ["id", 1]]
  [1m[35m (12.4ms)[0m  [1m[35mCOMMIT[0m
Redirected to http://localhost:3000/users/sign_in
Completed 302 Found in 62ms (ActiveRecord: 18.1ms | Allocations: 7051)


Started GET "/users/sign_in" for ::1 at 2020-07-02 01:24:57 +0300
Processing by Devise::SessionsController#new as HTML
  Rendering users/sessions/new.html.erb within layouts/application
  Rendered users/shared/_links.html.erb (Duration: 1.0ms | Allocations: 194)
  Rendered users/sessions/new.html.erb within layouts/application (Duration: 6.8ms | Allocations: 1187)
[Webpacker] Everything's up-to-date. Nothing to do
Completed 200 OK in 44ms (Views: 30.8ms | ActiveRecord: 0.0ms | Allocations: 5282)


Started POST "/users/sign_in" for ::1 at 2020-07-02 01:25:06 +0300
Processing by Devise::SessionsController#create as HTML
  Parameters: {"authenticity_token"=>"IYbauy1ctlXT90I8+Gt0e9zt2Br+REQ5jHSrUXqxInajTJshGzBsaz4HnBEn5Xe9etDkoT03CNT0SKbOqiNfbQ==", "user"=>{"email"=>"fr@gmail.com", "password"=>"[FILTERED]", "remember_me"=>"0"}, "commit"=>"Log in"}
  [1m[36mUser Load (1.5ms)[0m  [1m[34mSELECT "users".* FROM "users" WHERE "users"."email" = $1 ORDER BY "users"."id" ASC LIMIT $2[0m  [["email", "fr@gmail.com"], ["LIMIT", 1]]
Redirected to http://localhost:3000/
Completed 302 Found in 490ms (ActiveRecord: 1.5ms | Allocations: 3613)


Started GET "/" for ::1 at 2020-07-02 01:25:07 +0300
Processing by HomeController#index as HTML
  Rendering home/index.html.erb within layouts/application
  [1m[36mUser Load (1.2ms)[0m  [1m[34mSELECT "users".* FROM "users" WHERE "users"."id" = $1 ORDER BY "users"."id" ASC LIMIT $2[0m  [["id", 1], ["LIMIT", 1]]
  ↳ app/views/home/index.html.erb:3
  Rendered home/index.html.erb within layouts/application (Duration: 9.8ms | Allocations: 1052)
[Webpacker] Everything's up-to-date. Nothing to do
Completed 200 OK in 33ms (Views: 29.6ms | ActiveRecord: 1.2ms | Allocations: 4866)


Started DELETE "/users/sign_out" for ::1 at 2020-07-02 01:35:17 +0300
  [1m[35m (2.8ms)[0m  [1m[34mSELECT "schema_migrations"."version" FROM "schema_migrations" ORDER BY "schema_migrations"."version" ASC[0m
Processing by Devise::SessionsController#destroy as HTML
  Parameters: {"authenticity_token"=>"iaRgpfUS3ZLQ1rmtvKkmH39ExiV921hOmVXpGplAV5bPDYEQlKAMW8FafcP0wPz7FwCHAOwB0L+U8SQOsz6A6A=="}
  [1m[36mUser Load (1.3ms)[0m  [1m[34mSELECT "users".* FROM "users" WHERE "users"."id" = $1 ORDER BY "users"."id" ASC LIMIT $2[0m  [["id", 1], ["LIMIT", 1]]
Redirected to http://localhost:3000/
Completed 302 Found in 845ms (ActiveRecord: 28.9ms | Allocations: 210021)


Started GET "/" for ::1 at 2020-07-02 01:35:18 +0300
Processing by HomeController#index as HTML
  Rendering home/index.html.erb within layouts/application
  Rendered home/index.html.erb within layouts/application (Duration: 11.4ms | Allocations: 646)
[Webpacker] Everything's up-to-date. Nothing to do
Completed 200 OK in 88ms (Views: 74.7ms | ActiveRecord: 0.0ms | Allocations: 11348)


Started GET "/users/sign_in" for ::1 at 2020-07-02 01:35:21 +0300
Processing by Devise::SessionsController#new as HTML
  Rendering users/sessions/new.html.erb within layouts/application
  Rendered users/shared/_links.html.erb (Duration: 4.2ms | Allocations: 744)
  Rendered users/sessions/new.html.erb within layouts/application (Duration: 34.0ms | Allocations: 4205)
[Webpacker] Everything's up-to-date. Nothing to do
Completed 200 OK in 80ms (Views: 70.9ms | ActiveRecord: 0.0ms | Allocations: 9365)


Started POST "/users/sign_in" for ::1 at 2020-07-02 01:35:34 +0300
Processing by Devise::SessionsController#create as HTML
  Parameters: {"authenticity_token"=>"6ns1XpsIMgNRxV5uwiuFr8yYgnX2CTzPQhfMkdHUstdoZCm0GaE9Cb3Wi6XmOlAMlY+7wg/qXkzYqDM7MA3L7g==", "user"=>{"email"=>"fr@gmail.com", "password"=>"[FILTERED]", "remember_me"=>"0"}, "commit"=>"Log in"}
  [1m[36mUser Load (1.5ms)[0m  [1m[34mSELECT "users".* FROM "users" WHERE "users"."email" = $1 ORDER BY "users"."id" ASC LIMIT $2[0m  [["email", "fr@gmail.com"], ["LIMIT", 1]]
Redirected to http://localhost:3000/
Completed 302 Found in 475ms (ActiveRecord: 1.5ms | Allocations: 6303)


Started GET "/" for ::1 at 2020-07-02 01:35:34 +0300
Processing by HomeController#index as HTML
  Rendering home/index.html.erb within layouts/application
  [1m[36mUser Load (7.5ms)[0m  [1m[34mSELECT "users".* FROM "users" WHERE "users"."id" = $1 ORDER BY "users"."id" ASC LIMIT $2[0m  [["id", 1], ["LIMIT", 1]]
  ↳ app/views/home/index.html.erb:3
  Rendered home/index.html.erb within layouts/application (Duration: 13.6ms | Allocations: 1054)
[Webpacker] Everything's up-to-date. Nothing to do
Completed 200 OK in 46ms (Views: 36.6ms | ActiveRecord: 7.5ms | Allocations: 4879)


